[2020-11-02 11:46:27,964] SEVERE {b7a.log.crash} - TrustStore File /bre/security/ballerinaTruststore.p12 not found 
java.lang.IllegalArgumentException: TrustStore File /bre/security/ballerinaTruststore.p12 not found
	at org.wso2.transport.http.netty.contract.config.SslConfiguration.getSSLConfigForSender(SslConfiguration.java:256)
	at org.wso2.transport.http.netty.contract.config.SslConfiguration.getClientSSLConfig(SslConfiguration.java:184)
	at org.wso2.transport.http.netty.contractimpl.DefaultHttpClientConnector.initTargetChannelProperties(DefaultHttpClientConnector.java:362)
	at org.wso2.transport.http.netty.contractimpl.DefaultHttpClientConnector.<init>(DefaultHttpClientConnector.java:88)
	at org.wso2.transport.http.netty.contractimpl.DefaultHttpWsConnectorFactory.createHttpClientConnector(DefaultHttpWsConnectorFactory.java:154)
	at org.ballerinalang.net.http.clientendpoint.CreateSimpleHttpClient.createSimpleHttpClient(CreateSimpleHttpClient.java:106)
	at ballerina.http.client_endpoint.createSimpleHttpClient(client_endpoint.bal:269)
	at ballerina.http.$value$HttpClient.__init(http_client.bal:38)
	at ballerina.http.$value$HttpClient.call(http_client.bal)
	at ballerina.http.$value$HttpClient.$__init$(http_client.bal:27)
	at ballerina.http.$value$HttpClient.call(http_client.bal)
	at ballerina.http.http_client.createClient(http_client.bal:253)
	at ballerina.http.http_secure_client.createHttpSecureClient(http_secure_client.bal:275)
	at ballerina.http.client_endpoint.createDefaultClient(client_endpoint.bal:535)
	at ballerina.http.client_endpoint.createCookieClient(client_endpoint.bal:528)
	at ballerina.http.client_endpoint.createRetryClient(client_endpoint.bal:506)
	at ballerina.http.redirect.redirect_client.performRedirection(redirect/redirect_client.bal:347)
	at ballerina.http.redirect.redirect_client.redirect(redirect/redirect_client.bal:323)
	at ballerina.http.redirect.redirect_client.checkRedirectEligibility(redirect/redirect_client.bal:272)
	at ballerina.http.redirect.redirect_client.performRedirectIfEligible(redirect/redirect_client.bal:263)
	at ballerina.http.$value$RedirectClient.get(redirect/redirect_client.bal:55)
	at ballerina.http.$value$RedirectClient.call(redirect/redirect_client.bal)
	at ballerina.http.$value$Client.get(client_endpoint.bal:139)
	at ballerina.http.$value$Client.call(client_endpoint.bal)
	at $value$headerBasedRouting__service_0.hbrResource(header-based-routing.bal:51)
	at $value$headerBasedRouting__service_0.call(header-based-routing.bal)
	at org.ballerinalang.jvm.values.connector.Executor.lambda$submit$0(Executor.java:79)
	at org.ballerinalang.jvm.scheduling.SchedulerItem.execute(Scheduler.java:482)
	at org.ballerinalang.jvm.scheduling.Scheduler.run(Scheduler.java:263)
	at org.ballerinalang.jvm.scheduling.Scheduler.runSafely(Scheduler.java:231)
	at java.lang.Thread.run(Thread.java:748)
 
